# JRE version: OpenJDK Runtime Environment (8.0_152-b01) (build 1.8.0_152-release-915-b01)
# Java VM: OpenJDK 64-Bit Server VM (25.152-b01 mixed mode windows-amd64 compressed oops)
Heap:
 PSYoungGen      total 279040K, used 279008K [0x00000000e0000000, 0x00000000f3100000, 0x0000000100000000)
  eden space 253440K, 100% used [0x00000000e0000000,0x00000000ef780000,0x00000000ef780000)
  from space 25600K, 99% used [0x00000000f1400000,0x00000000f2cf83e0,0x00000000f2d00000)
  to   space 29184K, 73% used [0x00000000ef780000,0x00000000f0c936b0,0x00000000f1400000)
 ParOldGen       total 153600K, used 47772K [0x00000000a0000000, 0x00000000a9600000, 0x00000000e0000000)
  object space 153600K, 31% used [0x00000000a0000000,0x00000000a2ea70f8,0x00000000a9600000)
 Metaspace       used 77358K, capacity 81522K, committed 81812K, reserved 1120256K
  class space    used 10050K, capacity 11043K, committed 11156K, reserved 1048576K
GC Heap History (10 events):
Event: 70.326 GC heap after
Heap after GC invocations=13 (full 2):
 PSYoungGen      total 194048K, used 20252K [0x00000000e0000000, 0x00000000f0b80000, 0x0000000100000000)
  eden space 168960K, 0% used [0x00000000e0000000,0x00000000e0000000,0x00000000ea500000)
  from space 25088K, 80% used [0x00000000ea500000,0x00000000eb8c7270,0x00000000ebd80000)
  to   space 27136K, 0% used [0x00000000ef100000,0x00000000ef100000,0x00000000f0b80000)
 ParOldGen       total 93184K, used 37064K [0x00000000a0000000, 0x00000000a5b00000, 0x00000000e0000000)
  object space 93184K, 39% used [0x00000000a0000000,0x00000000a24321d0,0x00000000a5b00000)
 Metaspace       used 56530K, capacity 59010K, committed 59028K, reserved 1099776K
  class space    used 7696K, capacity 8323K, committed 8340K, reserved 1048576K
}
Event: 70.326 GC heap before
{Heap before GC invocations=14 (full 3):
 PSYoungGen      total 194048K, used 20252K [0x00000000e0000000, 0x00000000f0b80000, 0x0000000100000000)
  eden space 168960K, 0% used [0x00000000e0000000,0x00000000e0000000,0x00000000ea500000)
  from space 25088K, 80% used [0x00000000ea500000,0x00000000eb8c7270,0x00000000ebd80000)
  to   space 27136K, 0% used [0x00000000ef100000,0x00000000ef100000,0x00000000f0b80000)
 ParOldGen       total 93184K, used 37064K [0x00000000a0000000, 0x00000000a5b00000, 0x00000000e0000000)
  object space 93184K, 39% used [0x00000000a0000000,0x00000000a24321d0,0x00000000a5b00000)
 Metaspace       used 56530K, capacity 59010K, committed 59028K, reserved 1099776K
  class space    used 7696K, capacity 8323K, committed 8340K, reserved 1048576K
Event: 70.832 GC heap after
Heap after GC invocations=14 (full 3):
 PSYoungGen      total 194048K, used 0K [0x00000000e0000000, 0x00000000f0b80000, 0x0000000100000000)
  eden space 168960K, 0% used [0x00000000e0000000,0x00000000e0000000,0x00000000ea500000)
  from space 25088K, 0% used [0x00000000ea500000,0x00000000ea500000,0x00000000ebd80000)
  to   space 27136K, 0% used [0x00000000ef100000,0x00000000ef100000,0x00000000f0b80000)
 ParOldGen       total 153600K, used 47711K [0x00000000a0000000, 0x00000000a9600000, 0x00000000e0000000)
  object space 153600K, 31% used [0x00000000a0000000,0x00000000a2e97c20,0x00000000a9600000)
 Metaspace       used 56530K, capacity 59010K, committed 59028K, reserved 1099776K
  class space    used 7696K, capacity 8323K, committed 8340K, reserved 1048576K
}
Event: 119.358 GC heap before
{Heap before GC invocations=15 (full 3):
 PSYoungGen      total 194048K, used 168960K [0x00000000e0000000, 0x00000000f0b80000, 0x0000000100000000)
  eden space 168960K, 100% used [0x00000000e0000000,0x00000000ea500000,0x00000000ea500000)
  from space 25088K, 0% used [0x00000000ea500000,0x00000000ea500000,0x00000000ebd80000)
  to   space 27136K, 0% used [0x00000000ef100000,0x00000000ef100000,0x00000000f0b80000)
 ParOldGen       total 153600K, used 47711K [0x00000000a0000000, 0x00000000a9600000, 0x00000000e0000000)
  object space 153600K, 31% used [0x00000000a0000000,0x00000000a2e97c20,0x00000000a9600000)
 Metaspace       used 62767K, capacity 65696K, committed 65940K, reserved 1105920K
  class space    used 8353K, capacity 9096K, committed 9108K, reserved 1048576K
Event: 119.401 GC heap after
Heap after GC invocations=15 (full 3):
 PSYoungGen      total 230400K, used 15628K [0x00000000e0000000, 0x00000000f0300000, 0x0000000100000000)
  eden space 211968K, 0% used [0x00000000e0000000,0x00000000e0000000,0x00000000ecf00000)
  from space 18432K, 84% used [0x00000000ef100000,0x00000000f0043300,0x00000000f0300000)
  to   space 26624K, 0% used [0x00000000ecf00000,0x00000000ecf00000,0x00000000ee900000)
 ParOldGen       total 153600K, used 47719K [0x00000000a0000000, 0x00000000a9600000, 0x00000000e0000000)
  object space 153600K, 31% used [0x00000000a0000000,0x00000000a2e99c20,0x00000000a9600000)
 Metaspace       used 62767K, capacity 65696K, committed 65940K, reserved 1105920K
  class space    used 8353K, capacity 9096K, committed 9108K, reserved 1048576K
}
Event: 999.017 GC heap before
{Heap before GC invocations=16 (full 3):
 PSYoungGen      total 230400K, used 227596K [0x00000000e0000000, 0x00000000f0300000, 0x0000000100000000)
  eden space 211968K, 100% used [0x00000000e0000000,0x00000000ecf00000,0x00000000ecf00000)
  from space 18432K, 84% used [0x00000000ef100000,0x00000000f0043300,0x00000000f0300000)
  to   space 26624K, 0% used [0x00000000ecf00000,0x00000000ecf00000,0x00000000ee900000)
 ParOldGen       total 153600K, used 47719K [0x00000000a0000000, 0x00000000a9600000, 0x00000000e0000000)
  object space 153600K, 31% used [0x00000000a0000000,0x00000000a2e99c20,0x00000000a9600000)
 Metaspace       used 65079K, capacity 68416K, committed 68628K, reserved 1107968K
  class space    used 8582K, capacity 9414K, committed 9492K, reserved 1048576K
Event: 999.048 GC heap after
Heap after GC invocations=16 (full 3):
 PSYoungGen      total 238592K, used 10726K [0x00000000e0000000, 0x00000000f2d00000, 0x0000000100000000)
  eden space 211968K, 0% used [0x00000000e0000000,0x00000000e0000000,0x00000000ecf00000)
  from space 26624K, 40% used [0x00000000ecf00000,0x00000000ed979ac8,0x00000000ee900000)
  to   space 25600K, 0% used [0x00000000f1400000,0x00000000f1400000,0x00000000f2d00000)
 ParOldGen       total 153600K, used 47727K [0x00000000a0000000, 0x00000000a9600000, 0x00000000e0000000)
  object space 153600K, 31% used [0x00000000a0000000,0x00000000a2e9bc20,0x00000000a9600000)
 Metaspace       used 65079K, capacity 68416K, committed 68628K, reserved 1107968K
  class space    used 8582K, capacity 9414K, committed 9492K, reserved 1048576K
}
Event: 1012.365 GC heap before
{Heap before GC invocations=17 (full 3):
 PSYoungGen      total 238592K, used 222694K [0x00000000e0000000, 0x00000000f2d00000, 0x0000000100000000)
  eden space 211968K, 100% used [0x00000000e0000000,0x00000000ecf00000,0x00000000ecf00000)
  from space 26624K, 40% used [0x00000000ecf00000,0x00000000ed979ac8,0x00000000ee900000)
  to   space 25600K, 0% used [0x00000000f1400000,0x00000000f1400000,0x00000000f2d00000)
 ParOldGen       total 153600K, used 47727K [0x00000000a0000000, 0x00000000a9600000, 0x00000000e0000000)
  object space 153600K, 31% used [0x00000000a0000000,0x00000000a2e9bc20,0x00000000a9600000)
 Metaspace       used 74525K, capacity 78382K, committed 78484K, reserved 1118208K
  class space    used 9701K, capacity 10639K, committed 10644K, reserved 1048576K
Event: 1012.426 GC heap after
Heap after GC invocations=17 (full 3):
 PSYoungGen      total 279040K, used 25568K [0x00000000e0000000, 0x00000000f3100000, 0x0000000100000000)
  eden space 253440K, 0% used [0x00000000e0000000,0x00000000e0000000,0x00000000ef780000)
  from space 25600K, 99% used [0x00000000f1400000,0x00000000f2cf83e0,0x00000000f2d00000)
  to   space 29184K, 0% used [0x00000000ef780000,0x00000000ef780000,0x00000000f1400000)
 ParOldGen       total 153600K, used 47764K [0x00000000a0000000, 0x00000000a9600000, 0x00000000e0000000)
  object space 153600K, 31% used [0x00000000a0000000,0x00000000a2ea50f8,0x00000000a9600000)
 Metaspace       used 74525K, capacity 78382K, committed 78484K, reserved 1118208K
  class space    used 9701K, capacity 10639K, committed 10644K, reserved 1048576K
}
Event: 1146.649 GC heap before
{Heap before GC invocations=18 (full 3):
 PSYoungGen      total 279040K, used 279008K [0x00000000e0000000, 0x00000000f3100000, 0x0000000100000000)
  eden space 253440K, 100% used [0x00000000e0000000,0x00000000ef780000,0x00000000ef780000)
  from space 25600K, 99% used [0x00000000f1400000,0x00000000f2cf83e0,0x00000000f2d00000)
  to   space 29184K, 0% used [0x00000000ef780000,0x00000000ef780000,0x00000000f1400000)
 ParOldGen       total 153600K, used 47764K [0x00000000a0000000, 0x00000000a9600000, 0x00000000e0000000)
  object space 153600K, 31% used [0x00000000a0000000,0x00000000a2ea50f8,0x00000000a9600000)
 Metaspace       used 77358K, capacity 81522K, committed 81812K, reserved 1120256K
  class space    used 10050K, capacity 11043K, committed 11156K, reserved 1048576K

